d:\users\hp\source\repos\bugtracks\bugtracks\x64\debug\bugtracks.pch
d:\users\hp\source\repos\bugtracks\bugtracks\x64\debug\vc143.pdb
d:\users\hp\source\repos\bugtracks\bugtracks\x64\debug\vc143.idb
d:\users\hp\source\repos\bugtracks\bugtracks\x64\debug\pch.obj
d:\users\hp\source\repos\bugtracks\bugtracks\x64\debug\viewtree.obj
d:\users\hp\source\repos\bugtracks\bugtracks\x64\debug\propertieswnd.obj
d:\users\hp\source\repos\bugtracks\bugtracks\x64\debug\outputwnd.obj
d:\users\hp\source\repos\bugtracks\bugtracks\x64\debug\mainfrm.obj
d:\users\hp\source\repos\bugtracks\bugtracks\x64\debug\fileview.obj
d:\users\hp\source\repos\bugtracks\bugtracks\x64\debug\classview.obj
d:\users\hp\source\repos\bugtracks\bugtracks\x64\debug\bugtracksview.obj
d:\users\hp\source\repos\bugtracks\bugtracks\x64\debug\bugtracks.obj
d:\users\hp\source\repos\bugtracks\bugtracks\x64\debug\bugtracksdoc.obj
d:\users\hp\source\repos\bugtracks\x64\debug\bugtracks.exe
d:\users\hp\source\repos\bugtracks\x64\debug\bugtracks.pdb
d:\users\hp\source\repos\bugtracks\bugtracks\x64\debug\bugtracks.res
d:\users\hp\source\repos\bugtracks\bugtracks\x64\debug\bugtracks.ilk
d:\users\hp\source\repos\bugtracks\bugtracks\x64\debug\bugtracks.tlog\cl.command.1.tlog
d:\users\hp\source\repos\bugtracks\bugtracks\x64\debug\bugtracks.tlog\cl.items.tlog
d:\users\hp\source\repos\bugtracks\bugtracks\x64\debug\bugtracks.tlog\cl.read.1.tlog
d:\users\hp\source\repos\bugtracks\bugtracks\x64\debug\bugtracks.tlog\cl.write.1.tlog
d:\users\hp\source\repos\bugtracks\bugtracks\x64\debug\bugtracks.tlog\link.command.1.tlog
d:\users\hp\source\repos\bugtracks\bugtracks\x64\debug\bugtracks.tlog\link.read.1.tlog
d:\users\hp\source\repos\bugtracks\bugtracks\x64\debug\bugtracks.tlog\link.secondary.1.tlog
d:\users\hp\source\repos\bugtracks\bugtracks\x64\debug\bugtracks.tlog\link.write.1.tlog
d:\users\hp\source\repos\bugtracks\bugtracks\x64\debug\bugtracks.tlog\rc.command.1.tlog
d:\users\hp\source\repos\bugtracks\bugtracks\x64\debug\bugtracks.tlog\rc.read.1.tlog
d:\users\hp\source\repos\bugtracks\bugtracks\x64\debug\bugtracks.tlog\rc.write.1.tlog
